<?xml version="1.0" encoding="UTF-8"?>
<coverage generated="1537374186324" clover="3.2.0">
  <project timestamp="1537374186324" name="All files">
    <metrics statements="99" coveredstatements="85" conditionals="36" coveredconditionals="29" methods="17" coveredmethods="12" elements="152" coveredelements="126" complexity="0" loc="99" ncloc="99" packages="3" files="5" classes="5">
      <package name="src">
        <metrics statements="3" coveredstatements="3" conditionals="0" coveredconditionals="0" methods="0" coveredmethods="0"/>
        <file name="index.ts" path="C:\haulmont\kex\src\index.ts">
          <metrics statements="3" coveredstatements="3" conditionals="0" coveredconditionals="0" methods="0" coveredmethods="0"/>
          <line num="1" count="1" type="stmt"/>
          <line num="2" count="1" type="stmt"/>
          <line num="3" count="1" type="stmt"/>
        </file>
      </package>
      <package name="src.internal">
        <metrics statements="94" coveredstatements="80" conditionals="33" coveredconditionals="26" methods="16" coveredmethods="11"/>
        <file name="apply-modifiers.ts" path="C:\haulmont\kex\src\internal\apply-modifiers.ts">
          <metrics statements="16" coveredstatements="16" conditionals="11" coveredconditionals="11" methods="1" coveredmethods="1"/>
          <line num="2" count="1" type="stmt"/>
          <line num="4" count="34" type="stmt"/>
          <line num="5" count="34" type="cond" truecount="2" falsecount="0"/>
          <line num="6" count="7" type="stmt"/>
          <line num="9" count="28" type="stmt"/>
          <line num="10" count="28" type="cond" truecount="2" falsecount="0"/>
          <line num="11" count="7" type="stmt"/>
          <line num="14" count="21" type="stmt"/>
          <line num="15" count="30" type="cond" truecount="5" falsecount="0"/>
          <line num="16" count="26" type="cond" truecount="2" falsecount="0"/>
          <line num="17" count="5" type="stmt"/>
          <line num="19" count="5" type="stmt"/>
          <line num="22" count="21" type="stmt"/>
          <line num="24" count="21" type="stmt"/>
          <line num="27" count="4" type="stmt"/>
          <line num="31" count="27" type="stmt"/>
        </file>
        <file name="resolve-modifiers.ts" path="C:\haulmont\kex\src\internal\resolve-modifiers.ts">
          <metrics statements="9" coveredstatements="9" conditionals="4" coveredconditionals="4" methods="1" coveredmethods="1"/>
          <line num="3" count="1" type="stmt"/>
          <line num="5" count="32" type="stmt"/>
          <line num="6" count="14" type="stmt"/>
          <line num="8" count="32" type="stmt"/>
          <line num="9" count="32" type="cond" truecount="4" falsecount="0"/>
          <line num="10" count="8" type="stmt"/>
          <line num="13" count="24" type="stmt"/>
          <line num="14" count="14" type="stmt"/>
          <line num="18" count="14" type="stmt"/>
        </file>
        <file name="storage.ts" path="C:\haulmont\kex\src\internal\storage.ts">
          <metrics statements="69" coveredstatements="55" conditionals="18" coveredconditionals="11" methods="14" coveredmethods="9"/>
          <line num="1" count="1" type="stmt"/>
          <line num="7" count="1" type="stmt"/>
          <line num="8" count="1" type="stmt"/>
          <line num="10" count="1" type="stmt"/>
          <line num="11" count="1" type="stmt"/>
          <line num="12" count="1" type="stmt"/>
          <line num="13" count="1" type="stmt"/>
          <line num="17" count="1" type="stmt"/>
          <line num="18" count="1" type="stmt"/>
          <line num="22" count="1" type="stmt"/>
          <line num="23" count="11" type="stmt"/>
          <line num="25" count="11" type="stmt"/>
          <line num="26" count="1" type="stmt"/>
          <line num="29" count="11" type="stmt"/>
          <line num="30" count="0" type="stmt"/>
          <line num="34" count="1" type="stmt"/>
          <line num="35" count="0" type="stmt"/>
          <line num="38" count="1" type="stmt"/>
          <line num="39" count="2" type="stmt"/>
          <line num="42" count="1" type="stmt"/>
          <line num="43" count="5" type="stmt"/>
          <line num="45" count="5" type="stmt"/>
          <line num="50" count="5" type="stmt"/>
          <line num="53" count="1" type="stmt"/>
          <line num="54" count="2" type="stmt"/>
          <line num="56" count="2" type="stmt"/>
          <line num="57" count="6" type="cond" truecount="1" falsecount="1"/>
          <line num="58" count="0" type="stmt"/>
          <line num="61" count="6" type="cond" truecount="2" falsecount="0"/>
          <line num="62" count="2" type="stmt"/>
          <line num="64" count="2" type="stmt"/>
          <line num="67" count="4" type="stmt"/>
          <line num="70" count="2" type="stmt"/>
          <line num="73" count="3" type="stmt"/>
          <line num="74" count="3" type="stmt"/>
          <line num="75" count="3" type="cond" truecount="1" falsecount="1"/>
          <line num="76" count="0" type="stmt"/>
          <line num="80" count="1" type="stmt"/>
          <line num="82" count="1" type="stmt"/>
          <line num="85" count="1" type="stmt"/>
          <line num="86" count="0" type="cond" truecount="0" falsecount="2"/>
          <line num="87" count="0" type="stmt"/>
          <line num="90" count="0" type="stmt"/>
          <line num="92" count="0" type="stmt"/>
          <line num="95" count="1" type="stmt"/>
          <line num="96" count="0" type="stmt"/>
          <line num="98" count="0" type="stmt"/>
          <line num="101" count="1" type="stmt"/>
          <line num="102" count="21" type="cond" truecount="2" falsecount="0"/>
          <line num="103" count="7" type="stmt"/>
          <line num="106" count="14" type="cond" truecount="2" falsecount="0"/>
          <line num="107" count="8" type="stmt"/>
          <line num="110" count="18" type="stmt"/>
          <line num="111" count="6" type="stmt"/>
          <line num="113" count="6" type="cond" truecount="1" falsecount="1"/>
          <line num="114" count="0" type="stmt"/>
          <line num="117" count="6" type="cond" truecount="2" falsecount="0"/>
          <line num="118" count="3" type="stmt"/>
          <line num="120" count="3" type="stmt"/>
          <line num="122" count="3" type="stmt"/>
          <line num="123" count="3" type="stmt"/>
          <line num="126" count="3" type="stmt"/>
          <line num="128" count="3" type="stmt"/>
          <line num="131" count="1" type="stmt"/>
          <line num="132" count="0" type="cond" truecount="0" falsecount="2"/>
          <line num="133" count="0" type="stmt"/>
          <line num="136" count="0" type="stmt"/>
          <line num="138" count="1" type="stmt"/>
          <line num="140" count="1" type="stmt"/>
        </file>
      </package>
      <package name="src.utils">
        <metrics statements="2" coveredstatements="2" conditionals="3" coveredconditionals="3" methods="1" coveredmethods="1"/>
        <file name="is-object.ts" path="C:\haulmont\kex\src\utils\is-object.ts">
          <metrics statements="2" coveredstatements="2" conditionals="3" coveredconditionals="3" methods="1" coveredmethods="1"/>
          <line num="1" count="1" type="stmt"/>
          <line num="2" count="142" type="cond" truecount="3" falsecount="0"/>
        </file>
      </package>
    </metrics>
  </project>
</coverage>
