{"C:\\haulmont\\kex\\src\\index.ts": {"path":"C:\\haulmont\\kex\\src\\index.ts","statementMap":{"0":{"start":{"line":1,"column":0},"end":{"line":1,"column":44}},"1":{"start":{"line":1,"column":9},"end":{"line":1,"column":16}},"2":{"start":{"line":2,"column":0},"end":{"line":2,"column":59}},"3":{"start":{"line":2,"column":9},"end":{"line":2,"column":23}},"4":{"start":{"line":3,"column":0},"end":{"line":3,"column":63}},"5":{"start":{"line":3,"column":9},"end":{"line":3,"column":25}}},"fnMap":{},"branchMap":{},"s":{"0":1,"1":1,"2":1,"3":1,"4":1,"5":1},"f":{},"b":{}}
,"C:\\haulmont\\kex\\src\\internal\\apply-modifiers.ts": {"path":"C:\\haulmont\\kex\\src\\internal\\apply-modifiers.ts","statementMap":{"0":{"start":{"line":2,"column":0},"end":{"line":2,"column":45}},"1":{"start":{"line":4,"column":42},"end":{"line":4,"column":86}},"2":{"start":{"line":4,"column":42},"end":{"line":4,"column":87}},"3":{"start":{"line":5,"column":2},"end":{"line":7,"column":3}},"4":{"start":{"line":6,"column":4},"end":{"line":6,"column":31}},"5":{"start":{"line":9,"column":2},"end":{"line":29,"column":3}},"6":{"start":{"line":9,"column":27},"end":{"line":9,"column":26}},"7":{"start":{"line":10,"column":4},"end":{"line":12,"column":5}},"8":{"start":{"line":11,"column":6},"end":{"line":11,"column":15}},"9":{"start":{"line":14,"column":4},"end":{"line":28,"column":5}},"10":{"start":{"line":15,"column":6},"end":{"line":25,"column":7}},"11":{"start":{"line":16,"column":8},"end":{"line":20,"column":9}},"12":{"start":{"line":17,"column":10},"end":{"line":17,"column":26}},"13":{"start":{"line":19,"column":10},"end":{"line":19,"column":19}},"14":{"start":{"line":22,"column":8},"end":{"line":22,"column":41}},"15":{"start":{"line":24,"column":8},"end":{"line":24,"column":17}},"16":{"start":{"line":27,"column":6},"end":{"line":27,"column":54}},"17":{"start":{"line":31,"column":2},"end":{"line":31,"column":13}},"18":{"start":{"line":4,"column":0},"end":{"line":32,"column":1}}},"fnMap":{"0":{"name":"applyModifiers","decl":{"start":{"line":4,"column":16},"end":{"line":4,"column":30}},"loc":{"start":{"line":4,"column":40},"end":{"line":32,"column":1}}}},"branchMap":{"0":{"loc":{"start":{"line":5,"column":2},"end":{"line":7,"column":3}},"type":"if","locations":[{"start":{"line":5,"column":2},"end":{"line":7,"column":3}},{"start":{"line":5,"column":2},"end":{"line":7,"column":3}}]},"1":{"loc":{"start":{"line":10,"column":4},"end":{"line":12,"column":5}},"type":"if","locations":[{"start":{"line":10,"column":4},"end":{"line":12,"column":5}},{"start":{"line":10,"column":4},"end":{"line":12,"column":5}}]},"2":{"loc":{"start":{"line":15,"column":6},"end":{"line":25,"column":7}},"type":"if","locations":[{"start":{"line":15,"column":6},"end":{"line":25,"column":7}},{"start":{"line":15,"column":6},"end":{"line":25,"column":7}}]},"3":{"loc":{"start":{"line":15,"column":10},"end":{"line":15,"column":57}},"type":"binary-expr","locations":[{"start":{"line":15,"column":10},"end":{"line":15,"column":57}},{"start":{"line":15,"column":61},"end":{"line":15,"column":80}},{"start":{"line":15,"column":84},"end":{"line":15,"column":116}}]},"4":{"loc":{"start":{"line":16,"column":8},"end":{"line":20,"column":9}},"type":"if","locations":[{"start":{"line":16,"column":8},"end":{"line":20,"column":9}},{"start":{"line":16,"column":8},"end":{"line":20,"column":9}}]}},"s":{"0":1,"1":34,"2":28,"3":34,"4":7,"5":27,"6":28,"7":28,"8":7,"9":21,"10":30,"11":26,"12":5,"13":5,"14":21,"15":21,"16":4,"17":27,"18":1},"f":{"0":34},"b":{"0":[7,27],"1":[7,21],"2":[26,4],"3":[30,22,5],"4":[5,21]}}
,"C:\\haulmont\\kex\\src\\internal\\resolve-modifiers.ts": {"path":"C:\\haulmont\\kex\\src\\internal\\resolve-modifiers.ts","statementMap":{"0":{"start":{"line":3,"column":0},"end":{"line":3,"column":45}},"1":{"start":{"line":5,"column":42},"end":{"line":5,"column":75}},"2":{"start":{"line":5,"column":42},"end":{"line":5,"column":76}},"3":{"start":{"line":6,"column":8},"end":{"line":6,"column":61}},"4":{"start":{"line":8,"column":31},"end":{"line":8,"column":40}},"5":{"start":{"line":8,"column":11},"end":{"line":8,"column":27}},"6":{"start":{"line":9,"column":4},"end":{"line":11,"column":5}},"7":{"start":{"line":10,"column":6},"end":{"line":10,"column":15}},"8":{"start":{"line":13,"column":25},"end":{"line":13,"column":41}},"9":{"start":{"line":13,"column":13},"end":{"line":13,"column":21}},"10":{"start":{"line":14,"column":6},"end":{"line":14,"column":28}},"11":{"start":{"line":14,"column":29},"end":{"line":14,"column":60}},"12":{"start":{"line":14,"column":6},"end":{"line":14,"column":62}},"13":{"start":{"line":18,"column":2},"end":{"line":18,"column":27}},"14":{"start":{"line":5,"column":0},"end":{"line":19,"column":1}}},"fnMap":{"0":{"name":"resolveModifiers","decl":{"start":{"line":5,"column":22},"end":{"line":5,"column":38}},"loc":{"start":{"line":5,"column":38},"end":{"line":19,"column":1}}}},"branchMap":{"0":{"loc":{"start":{"line":9,"column":4},"end":{"line":11,"column":5}},"type":"if","locations":[{"start":{"line":9,"column":4},"end":{"line":11,"column":5}},{"start":{"line":9,"column":4},"end":{"line":11,"column":5}}]},"1":{"loc":{"start":{"line":9,"column":8},"end":{"line":9,"column":35}},"type":"binary-expr","locations":[{"start":{"line":9,"column":8},"end":{"line":9,"column":35}},{"start":{"line":9,"column":39},"end":{"line":9,"column":94}}]}},"s":{"0":1,"1":14,"2":32,"3":14,"4":14,"5":32,"6":32,"7":8,"8":24,"9":14,"10":14,"11":14,"12":14,"13":14,"14":1},"f":{"0":14},"b":{"0":[8,24],"1":[32,24]}}
,"C:\\haulmont\\kex\\src\\internal\\storage.ts": {"path":"C:\\haulmont\\kex\\src\\internal\\storage.ts","statementMap":{"0":{"start":{"line":1,"column":0},"end":{"line":1,"column":45}},"1":{"start":{"line":7,"column":0},"end":{"line":7,"column":50}},"2":{"start":{"line":8,"column":0},"end":{"line":8,"column":54}},"3":{"start":{"line":10,"column":0},"end":{"line":138,"column":0}},"4":{"start":{"line":11,"column":10},"end":{"line":11,"column":41}},"5":{"start":{"line":12,"column":10},"end":{"line":12,"column":40}},"6":{"start":{"line":13,"column":10},"end":{"line":15,"column":4}},"7":{"start":{"line":17,"column":10},"end":{"line":17,"column":31}},"8":{"start":{"line":18,"column":10},"end":{"line":18,"column":36}},"9":{"start":{"line":22,"column":10},"end":{"line":32,"column":3}},"10":{"start":{"line":23,"column":4},"end":{"line":23,"column":47}},"11":{"start":{"line":25,"column":4},"end":{"line":27,"column":5}},"12":{"start":{"line":26,"column":6},"end":{"line":26,"column":26}},"13":{"start":{"line":29,"column":4},"end":{"line":31,"column":5}},"14":{"start":{"line":29,"column":21},"end":{"line":29,"column":20}},"15":{"start":{"line":30,"column":6},"end":{"line":30,"column":36}},"16":{"start":{"line":34,"column":2},"end":{"line":36,"column":3}},"17":{"start":{"line":35,"column":4},"end":{"line":35,"column":25}},"18":{"start":{"line":38,"column":2},"end":{"line":40,"column":3}},"19":{"start":{"line":39,"column":4},"end":{"line":39,"column":28}},"20":{"start":{"line":42,"column":2},"end":{"line":51,"column":3}},"21":{"start":{"line":43,"column":4},"end":{"line":43,"column":64}},"22":{"start":{"line":45,"column":4},"end":{"line":48,"column":19}},"23":{"start":{"line":50,"column":4},"end":{"line":50,"column":23}},"24":{"start":{"line":53,"column":2},"end":{"line":71,"column":3}},"25":{"start":{"line":54,"column":26},"end":{"line":54,"column":45}},"26":{"start":{"line":56,"column":4},"end":{"line":68,"column":5}},"27":{"start":{"line":57,"column":6},"end":{"line":59,"column":7}},"28":{"start":{"line":58,"column":8},"end":{"line":58,"column":17}},"29":{"start":{"line":61,"column":6},"end":{"line":65,"column":7}},"30":{"start":{"line":62,"column":8},"end":{"line":62,"column":32}},"31":{"start":{"line":64,"column":8},"end":{"line":64,"column":17}},"32":{"start":{"line":67,"column":6},"end":{"line":67,"column":37}},"33":{"start":{"line":70,"column":4},"end":{"line":70,"column":38}},"34":{"start":{"line":73,"column":2},"end":{"line":83,"column":3}},"35":{"start":{"line":73,"column":18},"end":{"line":73,"column":48}},"36":{"start":{"line":73,"column":18},"end":{"line":73,"column":49}},"37":{"start":{"line":74,"column":4},"end":{"line":78,"column":5}},"38":{"start":{"line":74,"column":20},"end":{"line":74,"column":19}},"39":{"start":{"line":75,"column":6},"end":{"line":77,"column":7}},"40":{"start":{"line":76,"column":8},"end":{"line":76,"column":56}},"41":{"start":{"line":80,"column":4},"end":{"line":80,"column":34}},"42":{"start":{"line":82,"column":4},"end":{"line":82,"column":16}},"43":{"start":{"line":85,"column":2},"end":{"line":93,"column":3}},"44":{"start":{"line":86,"column":4},"end":{"line":88,"column":5}},"45":{"start":{"line":87,"column":6},"end":{"line":87,"column":63}},"46":{"start":{"line":90,"column":4},"end":{"line":90,"column":35}},"47":{"start":{"line":92,"column":4},"end":{"line":92,"column":16}},"48":{"start":{"line":95,"column":2},"end":{"line":99,"column":3}},"49":{"start":{"line":96,"column":4},"end":{"line":96,"column":66}},"50":{"start":{"line":96,"column":50},"end":{"line":96,"column":64}},"51":{"start":{"line":98,"column":4},"end":{"line":98,"column":16}},"52":{"start":{"line":101,"column":8},"end":{"line":129,"column":3}},"53":{"start":{"line":102,"column":4},"end":{"line":104,"column":5}},"54":{"start":{"line":103,"column":6},"end":{"line":103,"column":52}},"55":{"start":{"line":106,"column":4},"end":{"line":108,"column":5}},"56":{"start":{"line":107,"column":6},"end":{"line":107,"column":56}},"57":{"start":{"line":110,"column":30},"end":{"line":110,"column":103}},"58":{"start":{"line":110,"column":86},"end":{"line":110,"column":101}},"59":{"start":{"line":110,"column":10},"end":{"line":110,"column":103}},"60":{"start":{"line":111,"column":4},"end":{"line":111,"column":68}},"61":{"start":{"line":113,"column":4},"end":{"line":115,"column":5}},"62":{"start":{"line":114,"column":6},"end":{"line":114,"column":67}},"63":{"start":{"line":117,"column":4},"end":{"line":124,"column":5}},"64":{"start":{"line":118,"column":12},"end":{"line":118,"column":51}},"65":{"start":{"line":120,"column":6},"end":{"line":120,"column":81}},"66":{"start":{"line":122,"column":6},"end":{"line":122,"column":30}},"67":{"start":{"line":123,"column":6},"end":{"line":123,"column":39}},"68":{"start":{"line":126,"column":4},"end":{"line":126,"column":79}},"69":{"start":{"line":128,"column":4},"end":{"line":128,"column":23}},"70":{"start":{"line":131,"column":2},"end":{"line":137,"column":3}},"71":{"start":{"line":132,"column":4},"end":{"line":134,"column":5}},"72":{"start":{"line":133,"column":6},"end":{"line":133,"column":57}},"73":{"start":{"line":136,"column":4},"end":{"line":136,"column":32}},"74":{"start":{"line":138,"column":0},"end":{"line":138,"column":1}},"75":{"start":{"line":140,"column":13},"end":{"line":140,"column":39}}},"fnMap":{"0":{"name":"(anonymous_16)","decl":{"start":{"line":10,"column":0},"end":{"line":null,"column":-1}},"loc":{"start":{"line":10,"column":0},"end":{"line":10,"column":-1}}},"1":{"name":"KxStorage","decl":{"start":{"line":20,"column":2},"end":{"line":null,"column":-1}},"loc":{"start":{"line":20,"column":2},"end":{"line":20,"column":18}}},"2":{"name":"(anonymous_18)","decl":{"start":{"line":22,"column":2},"end":{"line":22,"column":26}},"loc":{"start":{"line":22,"column":43},"end":{"line":32,"column":3}}},"3":{"name":"(anonymous_19)","decl":{"start":{"line":34,"column":2},"end":{"line":null,"column":-1}},"loc":{"start":{"line":34,"column":2},"end":{"line":36,"column":3}}},"4":{"name":"(anonymous_20)","decl":{"start":{"line":38,"column":2},"end":{"line":null,"column":-1}},"loc":{"start":{"line":38,"column":2},"end":{"line":40,"column":3}}},"5":{"name":"(anonymous_21)","decl":{"start":{"line":42,"column":2},"end":{"line":42,"column":8}},"loc":{"start":{"line":42,"column":48},"end":{"line":51,"column":3}}},"6":{"name":"(anonymous_22)","decl":{"start":{"line":53,"column":2},"end":{"line":null,"column":-1}},"loc":{"start":{"line":53,"column":2},"end":{"line":71,"column":3}}},"7":{"name":"(anonymous_23)","decl":{"start":{"line":73,"column":2},"end":{"line":null,"column":-1}},"loc":{"start":{"line":73,"column":2},"end":{"line":83,"column":3}}},"8":{"name":"(anonymous_24)","decl":{"start":{"line":85,"column":2},"end":{"line":85,"column":20}},"loc":{"start":{"line":85,"column":41},"end":{"line":93,"column":3}}},"9":{"name":"(anonymous_25)","decl":{"start":{"line":95,"column":2},"end":{"line":95,"column":23}},"loc":{"start":{"line":95,"column":42},"end":{"line":99,"column":3}}},"10":{"name":"(anonymous_26)","decl":{"start":{"line":96,"column":45},"end":{"line":96,"column":44}},"loc":{"start":{"line":96,"column":46},"end":{"line":96,"column":64}}},"11":{"name":"(anonymous_27)","decl":{"start":{"line":101,"column":2},"end":{"line":101,"column":16}},"loc":{"start":{"line":101,"column":33},"end":{"line":129,"column":3}}},"12":{"name":"(anonymous_30)","decl":{"start":{"line":110,"column":75},"end":{"line":110,"column":74}},"loc":{"start":{"line":110,"column":82},"end":{"line":110,"column":101}}},"13":{"name":"(anonymous_31)","decl":{"start":{"line":131,"column":2},"end":{"line":131,"column":19}},"loc":{"start":{"line":131,"column":32},"end":{"line":137,"column":3}}}},"branchMap":{"0":{"loc":{"start":{"line":57,"column":6},"end":{"line":59,"column":7}},"type":"if","locations":[{"start":{"line":57,"column":6},"end":{"line":59,"column":7}},{"start":{"line":57,"column":6},"end":{"line":59,"column":7}}]},"1":{"loc":{"start":{"line":61,"column":6},"end":{"line":65,"column":7}},"type":"if","locations":[{"start":{"line":61,"column":6},"end":{"line":65,"column":7}},{"start":{"line":61,"column":6},"end":{"line":65,"column":7}}]},"2":{"loc":{"start":{"line":75,"column":6},"end":{"line":77,"column":7}},"type":"if","locations":[{"start":{"line":75,"column":6},"end":{"line":77,"column":7}},{"start":{"line":75,"column":6},"end":{"line":77,"column":7}}]},"3":{"loc":{"start":{"line":86,"column":4},"end":{"line":88,"column":5}},"type":"if","locations":[{"start":{"line":86,"column":4},"end":{"line":88,"column":5}},{"start":{"line":86,"column":4},"end":{"line":88,"column":5}}]},"4":{"loc":{"start":{"line":102,"column":4},"end":{"line":104,"column":5}},"type":"if","locations":[{"start":{"line":102,"column":4},"end":{"line":104,"column":5}},{"start":{"line":102,"column":4},"end":{"line":104,"column":5}}]},"5":{"loc":{"start":{"line":106,"column":4},"end":{"line":108,"column":5}},"type":"if","locations":[{"start":{"line":106,"column":4},"end":{"line":108,"column":5}},{"start":{"line":106,"column":4},"end":{"line":108,"column":5}}]},"6":{"loc":{"start":{"line":113,"column":4},"end":{"line":115,"column":5}},"type":"if","locations":[{"start":{"line":113,"column":4},"end":{"line":115,"column":5}},{"start":{"line":113,"column":4},"end":{"line":115,"column":5}}]},"7":{"loc":{"start":{"line":117,"column":4},"end":{"line":124,"column":5}},"type":"if","locations":[{"start":{"line":117,"column":4},"end":{"line":124,"column":5}},{"start":{"line":117,"column":4},"end":{"line":124,"column":5}}]},"8":{"loc":{"start":{"line":132,"column":4},"end":{"line":134,"column":5}},"type":"if","locations":[{"start":{"line":132,"column":4},"end":{"line":134,"column":5}},{"start":{"line":132,"column":4},"end":{"line":134,"column":5}}]}},"s":{"0":1,"1":1,"2":1,"3":1,"4":1,"5":1,"6":1,"7":1,"8":1,"9":1,"10":11,"11":11,"12":1,"13":11,"14":0,"15":0,"16":1,"17":0,"18":1,"19":2,"20":1,"21":5,"22":5,"23":5,"24":1,"25":2,"26":2,"27":6,"28":0,"29":6,"30":2,"31":2,"32":4,"33":2,"34":1,"35":1,"36":3,"37":1,"38":3,"39":3,"40":0,"41":1,"42":1,"43":1,"44":0,"45":0,"46":0,"47":0,"48":1,"49":0,"50":0,"51":0,"52":1,"53":21,"54":7,"55":14,"56":8,"57":6,"58":18,"59":6,"60":6,"61":6,"62":0,"63":6,"64":3,"65":3,"66":3,"67":3,"68":3,"69":3,"70":1,"71":0,"72":0,"73":0,"74":1,"75":1},"f":{"0":1,"1":1,"2":11,"3":0,"4":2,"5":5,"6":2,"7":1,"8":0,"9":0,"10":0,"11":21,"12":18,"13":0},"b":{"0":[0,6],"1":[2,4],"2":[0,3],"3":[0,0],"4":[7,14],"5":[8,6],"6":[0,6],"7":[3,3],"8":[0,0]}}
,"C:\\haulmont\\kex\\src\\utils\\is-object.ts": {"path":"C:\\haulmont\\kex\\src\\utils\\is-object.ts","statementMap":{"0":{"start":{"line":2,"column":2},"end":{"line":2,"column":81}},"1":{"start":{"line":1,"column":0},"end":{"line":3,"column":1}}},"fnMap":{"0":{"name":"isObject","decl":{"start":{"line":1,"column":16},"end":{"line":1,"column":24}},"loc":{"start":{"line":1,"column":28},"end":{"line":3,"column":1}}}},"branchMap":{"0":{"loc":{"start":{"line":2,"column":9},"end":{"line":2,"column":37}},"type":"binary-expr","locations":[{"start":{"line":2,"column":9},"end":{"line":2,"column":37}},{"start":{"line":2,"column":41},"end":{"line":2,"column":64}},{"start":{"line":2,"column":68},"end":{"line":2,"column":80}}]}},"s":{"0":142,"1":1},"f":{"0":142},"b":{"0":[142,135,101]}}
}
