TN:
SF:C:\haulmont\kex\src\index.ts
FNF:0
FNH:0
DA:1,1
DA:2,1
DA:3,1
LF:3
LH:3
BRF:0
BRH:0
end_of_record
TN:
SF:C:\haulmont\kex\src\internal\apply-modifiers.ts
FN:4,applyModifiers
FNF:1
FNH:1
FNDA:34,applyModifiers
DA:2,1
DA:4,34
DA:5,34
DA:6,7
DA:9,28
DA:10,28
DA:11,7
DA:14,21
DA:15,30
DA:16,26
DA:17,5
DA:19,5
DA:22,21
DA:24,21
DA:27,4
DA:31,27
LF:16
LH:16
BRDA:5,0,0,7
BRDA:5,0,1,27
BRDA:10,1,0,7
BRDA:10,1,1,21
BRDA:15,2,0,26
BRDA:15,2,1,4
BRDA:15,3,0,30
BRDA:15,3,1,22
BRDA:15,3,2,5
BRDA:16,4,0,5
BRDA:16,4,1,21
BRF:11
BRH:11
end_of_record
TN:
SF:C:\haulmont\kex\src\internal\resolve-modifiers.ts
FN:5,resolveModifiers
FNF:1
FNH:1
FNDA:14,resolveModifiers
DA:3,1
DA:5,32
DA:6,14
DA:8,32
DA:9,32
DA:10,8
DA:13,24
DA:14,14
DA:18,14
LF:9
LH:9
BRDA:9,0,0,8
BRDA:9,0,1,24
BRDA:9,1,0,32
BRDA:9,1,1,24
BRF:4
BRH:4
end_of_record
TN:
SF:C:\haulmont\kex\src\internal\storage.ts
FN:10,(anonymous_16)
FN:20,KxStorage
FN:22,(anonymous_18)
FN:34,(anonymous_19)
FN:38,(anonymous_20)
FN:42,(anonymous_21)
FN:53,(anonymous_22)
FN:73,(anonymous_23)
FN:85,(anonymous_24)
FN:95,(anonymous_25)
FN:96,(anonymous_26)
FN:101,(anonymous_27)
FN:110,(anonymous_30)
FN:131,(anonymous_31)
FNF:14
FNH:9
FNDA:1,(anonymous_16)
FNDA:1,KxStorage
FNDA:11,(anonymous_18)
FNDA:0,(anonymous_19)
FNDA:2,(anonymous_20)
FNDA:5,(anonymous_21)
FNDA:2,(anonymous_22)
FNDA:1,(anonymous_23)
FNDA:0,(anonymous_24)
FNDA:0,(anonymous_25)
FNDA:0,(anonymous_26)
FNDA:21,(anonymous_27)
FNDA:18,(anonymous_30)
FNDA:0,(anonymous_31)
DA:1,1
DA:7,1
DA:8,1
DA:10,1
DA:11,1
DA:12,1
DA:13,1
DA:17,1
DA:18,1
DA:22,1
DA:23,11
DA:25,11
DA:26,1
DA:29,11
DA:30,0
DA:34,1
DA:35,0
DA:38,1
DA:39,2
DA:42,1
DA:43,5
DA:45,5
DA:50,5
DA:53,1
DA:54,2
DA:56,2
DA:57,6
DA:58,0
DA:61,6
DA:62,2
DA:64,2
DA:67,4
DA:70,2
DA:73,3
DA:74,3
DA:75,3
DA:76,0
DA:80,1
DA:82,1
DA:85,1
DA:86,0
DA:87,0
DA:90,0
DA:92,0
DA:95,1
DA:96,0
DA:98,0
DA:101,1
DA:102,21
DA:103,7
DA:106,14
DA:107,8
DA:110,18
DA:111,6
DA:113,6
DA:114,0
DA:117,6
DA:118,3
DA:120,3
DA:122,3
DA:123,3
DA:126,3
DA:128,3
DA:131,1
DA:132,0
DA:133,0
DA:136,0
DA:138,1
DA:140,1
LF:69
LH:55
BRDA:57,0,0,0
BRDA:57,0,1,6
BRDA:61,1,0,2
BRDA:61,1,1,4
BRDA:75,2,0,0
BRDA:75,2,1,3
BRDA:86,3,0,0
BRDA:86,3,1,0
BRDA:102,4,0,7
BRDA:102,4,1,14
BRDA:106,5,0,8
BRDA:106,5,1,6
BRDA:113,6,0,0
BRDA:113,6,1,6
BRDA:117,7,0,3
BRDA:117,7,1,3
BRDA:132,8,0,0
BRDA:132,8,1,0
BRF:18
BRH:11
end_of_record
TN:
SF:C:\haulmont\kex\src\utils\is-object.ts
FN:1,isObject
FNF:1
FNH:1
FNDA:142,isObject
DA:1,1
DA:2,142
LF:2
LH:2
BRDA:2,0,0,142
BRDA:2,0,1,135
BRDA:2,0,2,101
BRF:3
BRH:3
end_of_record
